
vyos@vyos:~$ 
vyos@vyos:~$ 
vyos@vyos:~$ 
vyos@vyos:~$ 
vyos@vyos:~$ 
vyos@vyos:~$ set terminal length 0
vyos@vyos:~$ 
vyos@vyos:~$ 
vyos@vyos:~$ 
vyos@vyos:~$ 
vyos@vyos:~$ 
vyos@vyos:~$ show configuration 
interfaces {
    ethernet eth0 {
        address dhcp
        duplex auto
        hw-id 08:00:27:85:18:76
        smp_affinity auto
        speed auto
    }
    loopback lo {
    }
}
service {
    ssh {
        port 22
    }
}
system {
    config-management {
        commit-revisions 20
    }
    host-name vyos
    login {
        user vyos {
            authentication {
                encrypted-password ****************
                plaintext-password ****************
            }
            level admin
        }
    }
    ntp {
        server 0.pool.ntp.org {
        }
        server 1.pool.ntp.org {
        }
        server 2.pool.ntp.org {
        }
    }
    package {
        auto-sync 1
        repository community {
            components main
            distribution helium
            password ****************
            url http://packages.vyos.net/vyos
            username ""
        }
    }
    syslog {
        global {
            facility all {
                level notice
            }
            facility protocols {
                level debug
            }
        }
    }
    time-zone UTC
}
vyos@vyos:~$ 
vyos@vyos:~$ 
vyos@vyos:~$ 
vyos@vyos:~$ 