vyos@vyos:~$ set terminal length 0
vyos@vyos:~$ 
vyos@vyos:~$ 
vyos@vyos:~$ 
vyos@vyos:~$ 
vyos@vyos:~$ show configuration 
interfaces {
    ethernet eth0 {
        address 192.168.2.91/24
        hw-id 00:0c:29:9f:7e:3b
    }
    loopback lo {
    }
}
protocols {
    static {
        route 0.0.0.0/0 {
            next-hop 192.168.2.253 {
            }
        }
    }
}
service {
    ssh {
        port 22
    }
}
system {
    config-management {
        commit-revisions 100
    }
    console {
        device ttyS0 {
            speed 115200
        }
    }
    host-name vyos
    login {
        user vyos {
            authentication {
                encrypted-password ****************
                plaintext-password ****************
            }
        }
    }
    ntp {
        server 0.pool.ntp.org {
        }
        server 1.pool.ntp.org {
        }
        server 2.pool.ntp.org {
        }
    }
    syslog {
        global {
            facility all {
                level info
            }
            facility protocols {
                level debug
            }
        }
    }
}
vyos@vyos:~$ 
vyos@vyos:~$ 
vyos@vyos:~$ 
vyos@vyos:~$ 
